<?xml version="1.0" encoding="UTF-8"?>
<testng-results skipped="0" failed="0" ignored="0" total="3" passed="3">
  <reporter-output>
  </reporter-output>
  <suite name="Guru99Banking" duration-ms="42661" started-at="2021-10-09T21:18:24 IST" finished-at="2021-10-09T21:19:06 IST">
    <groups>
    </groups>
    <test name="E:/Eclipse All versions/Workspace/InternetGuru99Bank" duration-ms="42661" started-at="2021-10-09T21:18:24 IST" finished-at="2021-10-09T21:19:06 IST">
      <class name="com.qa.test.AdminLogintest">
        <test-method status="PASS" signature="setUp()[pri:0, instance:com.qa.test.AdminLogintest@5997b1]" name="setUp" is-config="true" duration-ms="11640" started-at="2021-10-09T21:18:24 IST" finished-at="2021-10-09T21:18:36 IST">
          <reporter-output>
          </reporter-output>
        </test-method> <!-- setUp -->
        <test-method status="PASS" signature="checkingLink()[pri:0, instance:com.qa.test.AdminLogintest@5997b1]" name="checkingLink" duration-ms="366" started-at="2021-10-09T21:18:36 IST" finished-at="2021-10-09T21:18:36 IST">
          <reporter-output>
          </reporter-output>
        </test-method> <!-- checkingLink -->
        <test-method status="PASS" signature="teardown()[pri:0, instance:com.qa.test.AdminLogintest@5997b1]" name="teardown" is-config="true" duration-ms="2097" started-at="2021-10-09T21:18:36 IST" finished-at="2021-10-09T21:18:38 IST">
          <reporter-output>
          </reporter-output>
        </test-method> <!-- teardown -->
        <test-method status="PASS" signature="setUp()[pri:0, instance:com.qa.test.AdminLogintest@5997b1]" name="setUp" is-config="true" duration-ms="10100" started-at="2021-10-09T21:18:38 IST" finished-at="2021-10-09T21:18:48 IST">
          <reporter-output>
          </reporter-output>
        </test-method> <!-- setUp -->
        <test-method status="PASS" signature="checkingLogo()[pri:0, instance:com.qa.test.AdminLogintest@5997b1]" name="checkingLogo" duration-ms="59" started-at="2021-10-09T21:18:48 IST" finished-at="2021-10-09T21:18:48 IST">
          <reporter-output>
          </reporter-output>
        </test-method> <!-- checkingLogo -->
        <test-method status="PASS" signature="teardown()[pri:0, instance:com.qa.test.AdminLogintest@5997b1]" name="teardown" is-config="true" duration-ms="228" started-at="2021-10-09T21:18:48 IST" finished-at="2021-10-09T21:18:49 IST">
          <reporter-output>
          </reporter-output>
        </test-method> <!-- teardown -->
        <test-method status="PASS" signature="setUp()[pri:0, instance:com.qa.test.AdminLogintest@5997b1]" name="setUp" is-config="true" duration-ms="11715" started-at="2021-10-09T21:18:49 IST" finished-at="2021-10-09T21:19:00 IST">
          <reporter-output>
          </reporter-output>
        </test-method> <!-- setUp -->
        <test-method status="PASS" signature="logincredential()[pri:0, instance:com.qa.test.AdminLogintest@5997b1]" name="logincredential" duration-ms="3559" started-at="2021-10-09T21:19:00 IST" finished-at="2021-10-09T21:19:04 IST">
          <reporter-output>
          </reporter-output>
        </test-method> <!-- logincredential -->
        <test-method status="PASS" signature="teardown()[pri:0, instance:com.qa.test.AdminLogintest@5997b1]" name="teardown" is-config="true" duration-ms="2540" started-at="2021-10-09T21:19:04 IST" finished-at="2021-10-09T21:19:06 IST">
          <reporter-output>
          </reporter-output>
        </test-method> <!-- teardown -->
      </class> <!-- com.qa.test.AdminLogintest -->
    </test> <!-- E:/Eclipse All versions/Workspace/InternetGuru99Bank -->
  </suite> <!-- Guru99Banking -->
</testng-results>
