<?xml version="1.0" encoding="UTF-8"?>
<testng-results skipped="0" failed="0" ignored="0" total="1" passed="1">
  <reporter-output>
  </reporter-output>
  <suite name="All Test Suite" duration-ms="62786" started-at="2021-05-13T05:51:28Z" finished-at="2021-05-13T05:52:31Z">
    <groups>
    </groups>
    <test name="INTRATEST" duration-ms="62786" started-at="2021-05-13T05:51:28Z" finished-at="2021-05-13T05:52:31Z">
      <class name="testbase.TestBase">
        <test-method status="PASS" signature="myFirstTest()[pri:0, instance:testbase.TestBase@163425a]" name="myFirstTest" duration-ms="62683" started-at="2021-05-13T05:51:28Z" finished-at="2021-05-13T05:52:31Z">
          <reporter-output>
          </reporter-output>
        </test-method> <!-- myFirstTest -->
      </class> <!-- testbase.TestBase -->
    </test> <!-- INTRATEST -->
  </suite> <!-- All Test Suite -->
</testng-results>
